Determining if the pthread_create exist failed with the following output:
Change Dir: /home/llivol/Documentos/github/InitGL/build/CMakeFiles/CMakeTmp

Run Build Command:"/usr/bin/ninja" "cmTC_08a41"
[1/2] Building C object CMakeFiles/cmTC_08a41.dir/CheckSymbolExists.c.o
[2/2] Linking C executable cmTC_08a41
FAILED: cmTC_08a41 
: && /usr/bin/clang-8   -rdynamic CMakeFiles/cmTC_08a41.dir/CheckSymbolExists.c.o  -o cmTC_08a41   && :
CMakeFiles/cmTC_08a41.dir/CheckSymbolExists.c.o: In function `main':
CheckSymbolExists.c:(.text+0x19): undefined reference to `pthread_create'
clang: error: linker command failed with exit code 1 (use -v to see invocation)
ninja: build stopped: subcommand failed.

File /home/llivol/Documentos/github/InitGL/build/CMakeFiles/CMakeTmp/CheckSymbolExists.c:
/* */
#include <pthread.h>

int main(int argc, char** argv)
{
  (void)argv;
#ifndef pthread_create
  return ((int*)(&pthread_create))[argc];
#else
  (void)argc;
  return 0;
#endif
}

Determining if the function pthread_create exists in the pthreads failed with the following output:
Change Dir: /home/llivol/Documentos/github/InitGL/build/CMakeFiles/CMakeTmp

Run Build Command:"/usr/bin/ninja" "cmTC_c42ea"
[1/2] Building C object CMakeFiles/cmTC_c42ea.dir/CheckFunctionExists.c.o
[2/2] Linking C executable cmTC_c42ea
FAILED: cmTC_c42ea 
: && /usr/bin/clang-8 -DCHECK_FUNCTION_EXISTS=pthread_create  -rdynamic CMakeFiles/cmTC_c42ea.dir/CheckFunctionExists.c.o  -o cmTC_c42ea  -lpthreads && :
/usr/bin/ld: cannot find -lpthreads
clang: error: linker command failed with exit code 1 (use -v to see invocation)
ninja: build stopped: subcommand failed.


